[2018-07-24 21:33:11,138 - __console line:  81] - INFO: 执行测试:test1_add_invoice
[2018-07-24 21:46:02,289 - __console line:  81] - INFO: 未找到可提交的托运书 Message: no such element: Unable to locate element: {"method":"xpath","selector":"//*[@id="tab1"]/div/ng-include/div/div/div[2]/div/div/div[1]/div/table/tbody/tr[1]/td[2]/input"}
  (Session info: chrome=67.0.3396.99)
  (Driver info: chromedriver=2.37.544315 (730aa6a5fdba159ac9f4c1e8cbc59bf1b5ce12b7),platform=Windows NT 6.1.7601 SP1 x86_64)

[2018-07-24 21:48:09,421 - __console line:  81] - INFO: 未找到可提交的托运书 Message: no such element: Unable to locate element: {"method":"xpath","selector":"//*[@id="tab1"]/div/ng-include/div/div/div[2]/div/div/div[1]/div/table/tbody/tr[1]/td[2]/input"}
  (Session info: chrome=67.0.3396.99)
  (Driver info: chromedriver=2.37.544315 (730aa6a5fdba159ac9f4c1e8cbc59bf1b5ce12b7),platform=Windows NT 6.1.7601 SP1 x86_64)

[2018-07-24 21:49:23,852 - __console line:  81] - INFO: 执行测试:test4_create_sli
[2018-07-24 21:49:48,062 - __console line:  81] - INFO: 执行测试:test4_create_sli结束
[2018-07-24 21:59:30,801 - __console line:  81] - INFO: 不需要执行的模块：[]
[2018-07-24 21:59:30,831 - __console line:  81] - INFO: 不需要执行的用例：[u'test2_login_account_error']
[2018-07-24 21:59:40,016 - __console line:  81] - INFO: 执行测试:test1_login_password_error
[2018-07-24 21:59:41,173 - __console line:  81] - INFO: 执行测试:test1_login_password_error结束
[2018-07-24 21:59:55,559 - __console line:  81] - INFO: 执行测试:test1_add_invoice
[2018-07-24 22:00:14,507 - __console line:  81] - INFO: 截图成功，存放路径"C:\Users\Administrator\Desktop\python\output\screenshot\\2018-07-24_220013.png"
[2018-07-24 22:00:18,035 - __console line:  81] - INFO: 执行测试：test1_add_invoice结束
[2018-07-24 22:00:37,871 - __console line:  81] - INFO: 执行测试：test2_del_invoice
[2018-07-24 22:01:06,130 - __console line:  81] - INFO: 执行测试:test3_query_invoice
[2018-07-24 22:01:20,884 - __console line:  81] - INFO: 执行测试:test3_query_invoice结束
[2018-07-24 22:01:37,407 - __console line:  81] - INFO: 执行测试:test4_create_sli
[2018-07-24 22:02:01,910 - __console line:  81] - INFO: 执行测试:test4_create_sli结束
[2018-07-24 22:02:18,727 - __console line:  81] - INFO: 执行测试:test1_submit_sli
[2018-07-24 22:02:30,266 - __console line:  81] - INFO: 执行测试:test1_submit_sli完成
[2018-07-24 22:04:47,332 - __console line:  81] - INFO: 执行测试：test2_del_invoice
[2018-07-24 22:08:29,421 - __console line:  81] - INFO: 执行测试:test1_add_invoice
[2018-07-24 22:08:45,614 - __console line:  81] - INFO: 截图成功，存放路径"C:\Users\Administrator\Desktop\python\KYT_VIP_Automation\output\screenshot\\2018-07-24_220844.png"
[2018-07-24 22:08:49,082 - __console line:  81] - INFO: 执行测试：test1_add_invoice结束
[2018-07-24 22:09:15,694 - __console line:  81] - INFO: 执行测试：test2_del_invoice
[2018-07-24 22:09:29,013 - __console line:  81] - INFO: 执行测试：test2_del_invoice结束
[2018-07-24 22:09:57,713 - __console line:  81] - INFO: 不需要执行的模块：[]
[2018-07-24 22:09:57,763 - __console line:  81] - INFO: 不需要执行的用例：[u'test2_login_account_error', u'test1_submit_sli']
[2018-07-24 22:10:07,571 - __console line:  81] - INFO: 执行测试:test1_login_password_error
[2018-07-24 22:10:08,595 - __console line:  81] - INFO: 执行测试:test1_login_password_error结束
[2018-07-24 22:10:22,996 - __console line:  81] - INFO: 执行测试:test1_add_invoice
[2018-07-24 22:10:38,821 - __console line:  81] - INFO: 截图成功，存放路径"C:\Users\Administrator\Desktop\python\output\screenshot\\2018-07-24_221037.png"
[2018-07-24 22:10:42,246 - __console line:  81] - INFO: 执行测试：test1_add_invoice结束
[2018-07-24 22:11:02,049 - __console line:  81] - INFO: 执行测试：test2_del_invoice
[2018-07-24 22:11:15,246 - __console line:  81] - INFO: 执行测试：test2_del_invoice结束
[2018-07-24 22:11:33,487 - __console line:  81] - INFO: 执行测试:test3_query_invoice
[2018-07-24 22:11:47,999 - __console line:  81] - INFO: 执行测试:test3_query_invoice结束
[2018-07-24 22:12:04,240 - __console line:  81] - INFO: 执行测试:test4_create_sli
[2018-07-24 22:12:28,299 - __console line:  81] - INFO: 执行测试:test4_create_sli结束
[2018-07-24 22:16:11,947 - __console line:  81] - INFO: 不需要执行的模块：[]
[2018-07-24 22:16:11,976 - __console line:  81] - INFO: 不需要执行的用例：[u'test2_login_account_error']
[2018-07-24 22:16:20,865 - __console line:  81] - INFO: 执行测试:test1_login_password_error
[2018-07-24 22:16:21,901 - __console line:  81] - INFO: 执行测试:test1_login_password_error结束
[2018-07-24 22:16:38,453 - __console line:  81] - INFO: 执行测试:test1_add_invoice
[2018-07-24 22:16:59,181 - __console line:  81] - INFO: 截图成功，存放路径"C:\Users\Administrator\Desktop\python\output\screenshot\\2018-07-24_221657.png"
[2018-07-24 22:17:05,601 - __console line:  81] - INFO: 执行测试：test1_add_invoice结束
[2018-07-24 22:17:28,144 - __console line:  81] - INFO: 执行测试：test2_del_invoice
[2018-07-24 22:17:42,933 - __console line:  81] - INFO: 执行测试：test2_del_invoice结束
[2018-07-24 22:18:01,267 - __console line:  81] - INFO: 执行测试:test3_query_invoice
[2018-07-24 22:18:17,243 - __console line:  81] - INFO: 执行测试:test3_query_invoice结束
[2018-07-24 22:18:35,982 - __console line:  81] - INFO: 执行测试:test4_create_sli
[2018-07-24 22:18:59,365 - __console line:  81] - INFO: 执行测试:test4_create_sli结束
[2018-07-24 22:19:19,253 - __console line:  81] - INFO: 执行测试:test1_submit_sli
[2018-07-24 22:19:31,664 - __console line:  81] - INFO: 执行测试:test1_submit_sli完成
[2018-07-24 22:52:30,482 - __console line:  81] - INFO: 不需要执行的模块：[]
[2018-07-24 22:52:30,512 - __console line:  81] - INFO: 不需要执行的用例：[u'test2_login_account_error']
[2018-07-24 22:52:39,348 - __console line:  81] - INFO: 执行测试:test1_login_password_error
[2018-07-24 22:52:40,444 - __console line:  81] - INFO: 执行测试:test1_login_password_error结束
[2018-07-24 22:52:55,188 - __console line:  81] - INFO: 执行测试:test1_add_invoice
[2018-07-24 22:53:11,108 - __console line:  81] - INFO: 截图成功，存放路径"C:\Users\Administrator\Desktop\python\output\screenshot\\2018-07-24_225309.png"
[2018-07-24 22:53:14,569 - __console line:  81] - INFO: 执行测试：test1_add_invoice结束
[2018-07-24 22:53:30,358 - __console line:  81] - INFO: 执行测试：test2_del_invoice
[2018-07-24 22:53:43,638 - __console line:  81] - INFO: 执行测试：test2_del_invoice结束
[2018-07-24 22:53:59,569 - __console line:  81] - INFO: 执行测试:test3_query_invoice
[2018-07-24 22:54:14,388 - __console line:  81] - INFO: 执行测试:test3_query_invoice结束
[2018-07-24 22:54:28,914 - __console line:  81] - INFO: 执行测试:test4_create_sli
[2018-07-24 22:54:53,082 - __console line:  81] - INFO: 执行测试:test4_create_sli结束
[2018-07-24 22:55:07,532 - __console line:  81] - INFO: 执行测试:test1_submit_sli
[2018-07-24 22:58:19,609 - __console line:  81] - INFO: 不需要执行的模块：[]
[2018-07-24 22:58:19,638 - __console line:  81] - INFO: 不需要执行的用例：[u'test2_login_account_error']
[2018-07-24 22:58:28,039 - __console line:  81] - INFO: 执行测试:test1_login_password_error
[2018-07-24 22:58:29,163 - __console line:  81] - INFO: 执行测试:test1_login_password_error结束
[2018-07-24 22:58:43,694 - __console line:  81] - INFO: 执行测试:test1_add_invoice
[2018-07-24 22:58:59,377 - __console line:  81] - INFO: 截图成功，存放路径"C:\Users\Administrator\Desktop\python\output\screenshot\\2018-07-24_225857.png"
[2018-07-24 22:59:02,779 - __console line:  81] - INFO: 执行测试：test1_add_invoice结束
[2018-07-24 22:59:18,976 - __console line:  81] - INFO: 执行测试：test2_del_invoice
[2018-07-24 22:59:32,855 - __console line:  81] - INFO: 执行测试：test2_del_invoice结束
[2018-07-24 22:59:48,895 - __console line:  81] - INFO: 执行测试:test3_query_invoice
[2018-07-24 23:00:04,463 - __console line:  81] - INFO: 执行测试:test3_query_invoice结束
[2018-07-24 23:00:19,503 - __console line:  81] - INFO: 执行测试:test4_create_sli
[2018-07-24 23:00:43,474 - __console line:  81] - INFO: 执行测试:test4_create_sli结束
[2018-07-24 23:00:58,229 - __console line:  81] - INFO: 执行测试:test1_submit_sli
