[2018-07-23 20:34:16,607 - __console line:  81] - INFO: 执行测试:test1_add_invoice
[2018-07-23 20:47:53,657 - __console line:  81] - INFO: 执行测试:test1_add_invoice
[2018-07-23 20:51:01,046 - __console line:  81] - INFO: 执行测试:test1_add_invoice
[2018-07-23 20:55:48,907 - __console line:  81] - INFO: 执行测试：test2_del_invoice
[2018-07-23 20:57:08,598 - __console line:  81] - INFO: 执行测试：test2_del_invoice
[2018-07-23 20:57:23,308 - __console line:  81] - INFO: 执行测试：test2_del_invoice结束
[2018-07-23 21:01:13,417 - __console line:  81] - INFO: 执行测试：test2_del_invoice
[2018-07-23 21:02:57,394 - __console line:  81] - INFO: 执行测试：test2_del_invoice
[2018-07-23 21:03:12,476 - __console line:  81] - INFO: 执行测试：test2_del_invoice结束
[2018-07-23 21:06:37,494 - __console line:  81] - INFO: 执行测试：test2_del_invoice
[2018-07-23 21:06:54,138 - __console line:  81] - INFO: 执行测试：test2_del_invoice结束
[2018-07-23 21:16:19,441 - __console line:  81] - INFO: 执行测试:test1_add_invoice
[2018-07-23 21:19:25,770 - __console line:  81] - INFO: 执行测试:test1_add_invoice
[2018-07-23 21:21:03,954 - __console line:  81] - INFO: 执行测试:test1_add_invoice
[2018-07-23 21:22:56,765 - __console line:  81] - INFO: 执行测试:test1_add_invoice
[2018-07-23 21:25:11,190 - __console line:  81] - INFO: 执行测试：test2_del_invoice
[2018-07-23 21:25:28,381 - __console line:  81] - INFO: 执行测试：test2_del_invoice结束
[2018-07-23 22:29:24,344 - __console line:  81] - INFO: 执行测试:test1_add_invoice
[2018-07-23 22:29:48,536 - __console line:  81] - INFO: 截图成功，存放路径"C:\Users\Administrator\Desktop\python\KYT_VIP_Automation\output\screenshot\\2018-07-23_222947.png"
[2018-07-23 22:29:52,114 - __console line:  81] - INFO: 执行测试：test1_add_invoice结束
